[2026-04-11 16:23:12] still working... [drifting]
[2026-04-11 16:23:17] still working... [numbness]
[2026-04-11 16:23:20] still working... [awake]
[2026-04-11 16:23:25] still working... [drifting]
[2026-04-11 16:23:30] still working... [numbness]
[2026-04-11 16:23:35] still working... [numbness]
[2026-04-11 16:23:40] still working... [awake]
[2026-04-11 16:23:45] still working... [drifting]
[2026-04-11 16:23:50] still working... [numbness]
[2026-04-11 16:23:55] still working... [numbness]
[2026-04-11 16:24:00] still working... [numbness]
[2026-04-11 16:24:04] still working... [numbness]
[2026-04-11 16:24:09] still working... [drifting]
[2026-04-11 16:24:14] still working... [drifting]
[2026-04-11 16:24:19] still working... [numbness]
[2026-04-11 16:24:24] still working... [drifting]
[2026-04-11 16:24:29] still working... [awake]
[2026-04-11 16:24:34] still working... [numbness]
[2026-04-11 16:24:38] still working... [drifting]
[2026-04-11 16:24:38] contract violated.
[2026-04-11 16:24:43] still working... [drifting]
[2026-04-11 16:24:48] still working... [drifting]
[2026-04-11 16:24:53] still working... [drifting]
[2026-04-11 16:24:58] still working... [awake]
[2026-04-11 16:25:03] still working... [awake]
[2026-04-11 16:25:07] still working... [awake]
[2026-04-11 16:25:12] still working... [numbness]
[2026-04-11 16:25:17] still working... [drifting]
[2026-04-11 16:25:22] still working... [drifting]
[2026-04-11 16:25:28] still working... [numbness]
[2026-04-11 16:25:33] still working... [awake]
[2026-04-11 16:25:38] still working... [awake]
[2026-04-11 16:25:42] still working... [drifting]
[2026-04-11 16:25:47] still working... [numbness]
[2026-04-11 16:25:52] still working... [awake]
[2026-04-11 16:25:57] still working... [numbness]
[2026-04-11 16:26:02] still working... [awake]
[2026-04-11 16:26:07] still working... [drifting]
[2026-04-11 16:26:12] still working... [awake]
[2026-04-11 16:26:15] We really weren’t meant to be together.
